16:33:17.215 [main] TRACE - Loading type system org.apache.poi.schemas.ooxml.system.ooxml
16:33:17.218 [main] TRACE - Loading type system org.apache.xmlbeans.metadata.system.sXMLCONFIG
16:33:17.218 [main] TRACE - Loading type system org.apache.xmlbeans.metadata.system.sXMLLANG
16:33:17.219 [main] TRACE - Loading type system org.apache.xmlbeans.metadata.system.sXMLSCHEMA
16:33:17.219 [main] TRACE - Loading type system org.apache.xmlbeans.metadata.system.sXMLTOOLS
16:33:17.220 [main] TRACE - Reading unresolved handles for type system org.apache.xmlbeans.metadata.system.sXMLTOOLS
16:33:17.227 [main] TRACE - Finished loading type system org.apache.xmlbeans.metadata.system.sXMLTOOLS
16:33:17.228 [main] TRACE - Reading unresolved handles for type system org.apache.xmlbeans.metadata.system.sXMLSCHEMA
16:33:17.230 [main] TRACE - Finished loading type system org.apache.xmlbeans.metadata.system.sXMLSCHEMA
16:33:17.231 [main] TRACE - Reading unresolved handles for type system org.apache.xmlbeans.metadata.system.sXMLLANG
16:33:17.232 [main] TRACE - Finished loading type system org.apache.xmlbeans.metadata.system.sXMLLANG
16:33:17.233 [main] TRACE - Reading unresolved handles for type system org.apache.xmlbeans.metadata.system.sXMLCONFIG
16:33:17.233 [main] TRACE - Finished loading type system org.apache.xmlbeans.metadata.system.sXMLCONFIG
16:33:17.234 [main] TRACE - Reading unresolved handles for type system org.apache.poi.schemas.ooxml.system.ooxml
16:33:17.267 [main] TRACE - Finished loading type system org.apache.poi.schemas.ooxml.system.ooxml
16:33:17.268 [main] TRACE - Resolving type for handle ctworkbook83c3type
16:33:17.295 [main] TRACE - Resolving type for handle ctworkbookpr03a5type
16:33:17.300 [main] TRACE - Resolving type for handle ctbookviewsb864type
16:33:17.301 [main] TRACE - Resolving type for handle ctbookviewf677type
16:33:17.307 [main] TRACE - Resolving type for handle ctsheets49fdtype
16:33:17.309 [main] TRACE - Resolving type for handle propertiesee84doctype
16:33:17.310 [main] TRACE - Resolving type for handle ctproperties3f10type
16:33:17.314 [main] TRACE - Resolving type for handle properties288cdoctype
16:33:17.315 [main] TRACE - Resolving type for handle ctproperties2c18type
16:33:17.317 [main] TRACE - Resolving type for handle sstf81fdoctype
16:33:17.318 [main] TRACE - Resolving type for handle ctsst44f3type
16:33:17.320 [main] TRACE - Resolving type for handle stylesheet5d8bdoctype
16:33:17.321 [main] TRACE - Resolving type for handle ctstylesheet4257type
16:33:17.324 [main] TRACE - Resolving type for handle ctfont14d8type
16:33:17.330 [main] TRACE - Resolving type for handle ctfontsizeb3b9type
16:33:17.335 [main] TRACE - Resolving type for handle ctcolord2c2type
16:33:17.336 [main] TRACE - Resolving type for handle ctfontname2dc3type
16:33:17.337 [main] TRACE - Resolving type for handle stxstringf179type
16:33:17.339 [main] TRACE - Resolving type for handle ctfontfamily685ctype
16:33:17.340 [main] TRACE - Resolving type for handle stfontfamily9c6ctype
16:33:17.343 [main] TRACE - Resolving type for handle ctfontschemebf5dtype
16:33:17.344 [main] TRACE - Resolving type for handle stfontschemef36dtype
16:33:17.347 [main] TRACE - Resolving type for handle ctfill550ctype
16:33:17.348 [main] TRACE - Resolving type for handle ctpatternfill7452type
16:33:17.350 [main] TRACE - Resolving type for handle stpatterntype7939type
16:33:17.352 [main] TRACE - Resolving type for handle ctborderf935type
16:33:17.353 [main] TRACE - Resolving type for handle ctborderpre497type
16:33:17.356 [main] TRACE - Resolving type for handle ctxf97f7type
16:33:17.360 [main] TRACE - Resolving type for handle stnumfmtid76fbtype
16:33:17.361 [main] TRACE - Resolving type for handle stfontid9d63type
16:33:17.362 [main] TRACE - Resolving type for handle stfillida097type
16:33:17.364 [main] TRACE - Resolving type for handle stborderid1a80type
16:33:17.368 [main] TRACE - Resolving type for handle stcellstylexfid70c7type
16:33:17.375 [main] TRACE - Resolving type for handle ctsheet4dbetype
16:33:17.385 [main] TRACE - Resolving type for handle ctworksheet530dtype
16:33:17.391 [main] TRACE - Resolving type for handle ctsheetformatprdef7type
16:33:17.397 [main] TRACE - Resolving type for handle ctsheetviewsb918type
16:33:17.400 [main] TRACE - Resolving type for handle ctsheetview0f43type
16:33:17.406 [main] TRACE - Resolving type for handle ctsheetdimensiond310type
16:33:17.410 [main] TRACE - Resolving type for handle stref90a2type
16:33:17.412 [main] TRACE - Resolving type for handle ctsheetdata8408type
16:33:17.414 [main] TRACE - Resolving type for handle ctpagemargins5455type
16:33:17.423 [main] TRACE - Resolving type for handle ctcols627ctype
16:33:17.427 [main] TRACE - Resolving type for handle strelationshipid1e94type
16:33:17.430 [main] TRACE - Resolving type for handle ctrowdd39type
16:33:17.441 [main] TRACE - Resolving type for handle ctcell842btype
16:33:17.451 [main] TRACE - Resolving type for handle stcellrefe4e0type
16:33:17.454 [main] TRACE - Resolving type for handle ctrsta472type
16:33:17.458 [main] TRACE - Resolving type for handle stcelltypebf95type
16:36:21.524 [main] TRACE - Loading type system org.apache.poi.schemas.ooxml.system.ooxml
16:36:21.529 [main] TRACE - Loading type system org.apache.xmlbeans.metadata.system.sXMLCONFIG
16:36:21.530 [main] TRACE - Loading type system org.apache.xmlbeans.metadata.system.sXMLLANG
16:36:21.530 [main] TRACE - Loading type system org.apache.xmlbeans.metadata.system.sXMLSCHEMA
16:36:21.530 [main] TRACE - Loading type system org.apache.xmlbeans.metadata.system.sXMLTOOLS
16:36:21.531 [main] TRACE - Reading unresolved handles for type system org.apache.xmlbeans.metadata.system.sXMLTOOLS
16:36:21.539 [main] TRACE - Finished loading type system org.apache.xmlbeans.metadata.system.sXMLTOOLS
16:36:21.541 [main] TRACE - Reading unresolved handles for type system org.apache.xmlbeans.metadata.system.sXMLSCHEMA
16:36:21.543 [main] TRACE - Finished loading type system org.apache.xmlbeans.metadata.system.sXMLSCHEMA
16:36:21.544 [main] TRACE - Reading unresolved handles for type system org.apache.xmlbeans.metadata.system.sXMLLANG
16:36:21.545 [main] TRACE - Finished loading type system org.apache.xmlbeans.metadata.system.sXMLLANG
16:36:21.546 [main] TRACE - Reading unresolved handles for type system org.apache.xmlbeans.metadata.system.sXMLCONFIG
16:36:21.546 [main] TRACE - Finished loading type system org.apache.xmlbeans.metadata.system.sXMLCONFIG
16:36:21.547 [main] TRACE - Reading unresolved handles for type system org.apache.poi.schemas.ooxml.system.ooxml
16:36:21.581 [main] TRACE - Finished loading type system org.apache.poi.schemas.ooxml.system.ooxml
16:36:21.581 [main] TRACE - Resolving type for handle ctworkbook83c3type
16:36:21.616 [main] TRACE - Resolving type for handle ctworkbookpr03a5type
16:36:21.620 [main] TRACE - Resolving type for handle ctbookviewsb864type
16:36:21.621 [main] TRACE - Resolving type for handle ctbookviewf677type
16:36:21.626 [main] TRACE - Resolving type for handle ctsheets49fdtype
16:36:21.627 [main] TRACE - Resolving type for handle propertiesee84doctype
16:36:21.629 [main] TRACE - Resolving type for handle ctproperties3f10type
16:36:21.631 [main] TRACE - Resolving type for handle properties288cdoctype
16:36:21.632 [main] TRACE - Resolving type for handle ctproperties2c18type
16:36:21.636 [main] TRACE - Resolving type for handle sstf81fdoctype
16:36:21.637 [main] TRACE - Resolving type for handle ctsst44f3type
16:36:21.642 [main] TRACE - Resolving type for handle stylesheet5d8bdoctype
16:36:21.644 [main] TRACE - Resolving type for handle ctstylesheet4257type
16:36:21.646 [main] TRACE - Resolving type for handle ctfont14d8type
16:36:21.652 [main] TRACE - Resolving type for handle ctfontsizeb3b9type
16:36:21.655 [main] TRACE - Resolving type for handle ctcolord2c2type
16:36:21.657 [main] TRACE - Resolving type for handle ctfontname2dc3type
16:36:21.659 [main] TRACE - Resolving type for handle stxstringf179type
16:36:21.660 [main] TRACE - Resolving type for handle ctfontfamily685ctype
16:36:21.663 [main] TRACE - Resolving type for handle stfontfamily9c6ctype
16:36:21.666 [main] TRACE - Resolving type for handle ctfontschemebf5dtype
16:36:21.669 [main] TRACE - Resolving type for handle stfontschemef36dtype
16:36:21.673 [main] TRACE - Resolving type for handle ctfill550ctype
16:36:21.675 [main] TRACE - Resolving type for handle ctpatternfill7452type
16:36:21.680 [main] TRACE - Resolving type for handle stpatterntype7939type
16:36:21.683 [main] TRACE - Resolving type for handle ctborderf935type
16:36:21.686 [main] TRACE - Resolving type for handle ctborderpre497type
16:36:21.689 [main] TRACE - Resolving type for handle ctxf97f7type
16:36:21.692 [main] TRACE - Resolving type for handle stnumfmtid76fbtype
16:36:21.693 [main] TRACE - Resolving type for handle stfontid9d63type
16:36:21.694 [main] TRACE - Resolving type for handle stfillida097type
16:36:21.695 [main] TRACE - Resolving type for handle stborderid1a80type
16:36:21.697 [main] TRACE - Resolving type for handle stcellstylexfid70c7type
16:36:21.700 [main] TRACE - Resolving type for handle ctsheet4dbetype
16:36:21.704 [main] TRACE - Resolving type for handle ctworksheet530dtype
16:36:21.707 [main] TRACE - Resolving type for handle ctsheetformatprdef7type
16:36:21.709 [main] TRACE - Resolving type for handle ctsheetviewsb918type
16:36:21.712 [main] TRACE - Resolving type for handle ctsheetview0f43type
16:36:21.716 [main] TRACE - Resolving type for handle ctsheetdimensiond310type
16:36:21.717 [main] TRACE - Resolving type for handle stref90a2type
16:36:21.718 [main] TRACE - Resolving type for handle ctsheetdata8408type
16:36:21.721 [main] TRACE - Resolving type for handle ctpagemargins5455type
16:36:21.726 [main] TRACE - Resolving type for handle ctcols627ctype
16:36:21.727 [main] TRACE - Resolving type for handle strelationshipid1e94type
16:36:21.729 [main] TRACE - Resolving type for handle ctrowdd39type
16:36:21.734 [main] TRACE - Resolving type for handle ctcell842btype
16:36:21.738 [main] TRACE - Resolving type for handle stcellrefe4e0type
16:36:21.741 [main] TRACE - Resolving type for handle ctrsta472type
16:36:21.742 [main] TRACE - Resolving type for handle stcelltypebf95type
16:36:21.763 [main] TRACE - Resolving type for handle ctnumfmtsb58btype
16:36:21.765 [main] TRACE - Resolving type for handle ctfonts6623type
16:36:21.768 [main] TRACE - Resolving type for handle ctfills2c6ftype
16:36:21.770 [main] TRACE - Resolving type for handle ctborders0d66type
16:36:21.771 [main] TRACE - Resolving type for handle ctcellxfs1322type
16:36:21.773 [main] TRACE - Resolving type for handle ctcellstylexfsa81ftype
16:36:21.788 [main] DEBUG - Save core properties part
16:36:21.788 [main] DEBUG - Save content types part
16:36:21.881 [main] DEBUG - Save package relationships
16:36:21.889 [main] DEBUG - Save part 'docProps/app.xml'
16:36:21.893 [main] DEBUG - Save part 'docProps/core.xml'
16:36:21.902 [main] DEBUG - Save part 'xl/sharedStrings.xml'
16:36:21.903 [main] DEBUG - Save part 'xl/styles.xml'
16:36:21.903 [main] DEBUG - Save part 'xl/workbook.xml'
16:36:21.905 [main] DEBUG - Save part 'xl/worksheets/sheet1.xml'
16:38:28.056 [main] TRACE - Loading type system org.apache.poi.schemas.ooxml.system.ooxml
16:38:28.070 [main] TRACE - Loading type system org.apache.xmlbeans.metadata.system.sXMLCONFIG
16:38:28.071 [main] TRACE - Loading type system org.apache.xmlbeans.metadata.system.sXMLLANG
16:38:28.071 [main] TRACE - Loading type system org.apache.xmlbeans.metadata.system.sXMLSCHEMA
16:38:28.071 [main] TRACE - Loading type system org.apache.xmlbeans.metadata.system.sXMLTOOLS
16:38:28.072 [main] TRACE - Reading unresolved handles for type system org.apache.xmlbeans.metadata.system.sXMLTOOLS
16:38:28.079 [main] TRACE - Finished loading type system org.apache.xmlbeans.metadata.system.sXMLTOOLS
16:38:28.080 [main] TRACE - Reading unresolved handles for type system org.apache.xmlbeans.metadata.system.sXMLSCHEMA
16:38:28.083 [main] TRACE - Finished loading type system org.apache.xmlbeans.metadata.system.sXMLSCHEMA
16:38:28.084 [main] TRACE - Reading unresolved handles for type system org.apache.xmlbeans.metadata.system.sXMLLANG
16:38:28.085 [main] TRACE - Finished loading type system org.apache.xmlbeans.metadata.system.sXMLLANG
16:38:28.086 [main] TRACE - Reading unresolved handles for type system org.apache.xmlbeans.metadata.system.sXMLCONFIG
16:38:28.086 [main] TRACE - Finished loading type system org.apache.xmlbeans.metadata.system.sXMLCONFIG
16:38:28.087 [main] TRACE - Reading unresolved handles for type system org.apache.poi.schemas.ooxml.system.ooxml
16:38:28.127 [main] TRACE - Finished loading type system org.apache.poi.schemas.ooxml.system.ooxml
16:38:28.128 [main] TRACE - Resolving type for handle ctworkbook83c3type
16:38:28.154 [main] TRACE - Resolving type for handle ctworkbookpr03a5type
16:38:28.160 [main] TRACE - Resolving type for handle ctbookviewsb864type
16:38:28.161 [main] TRACE - Resolving type for handle ctbookviewf677type
16:38:28.166 [main] TRACE - Resolving type for handle ctsheets49fdtype
16:38:28.167 [main] TRACE - Resolving type for handle propertiesee84doctype
16:38:28.169 [main] TRACE - Resolving type for handle ctproperties3f10type
16:38:28.173 [main] TRACE - Resolving type for handle properties288cdoctype
16:38:28.174 [main] TRACE - Resolving type for handle ctproperties2c18type
16:38:28.178 [main] TRACE - Resolving type for handle sstf81fdoctype
16:38:28.178 [main] TRACE - Resolving type for handle ctsst44f3type
16:38:28.182 [main] TRACE - Resolving type for handle stylesheet5d8bdoctype
16:38:28.183 [main] TRACE - Resolving type for handle ctstylesheet4257type
16:38:28.187 [main] TRACE - Resolving type for handle ctfont14d8type
16:38:28.193 [main] TRACE - Resolving type for handle ctfontsizeb3b9type
16:38:28.196 [main] TRACE - Resolving type for handle ctcolord2c2type
16:38:28.198 [main] TRACE - Resolving type for handle ctfontname2dc3type
16:38:28.200 [main] TRACE - Resolving type for handle stxstringf179type
16:38:28.203 [main] TRACE - Resolving type for handle ctfontfamily685ctype
16:38:28.205 [main] TRACE - Resolving type for handle stfontfamily9c6ctype
16:38:28.208 [main] TRACE - Resolving type for handle ctfontschemebf5dtype
16:38:28.210 [main] TRACE - Resolving type for handle stfontschemef36dtype
16:38:28.213 [main] TRACE - Resolving type for handle ctfill550ctype
16:38:28.215 [main] TRACE - Resolving type for handle ctpatternfill7452type
16:38:28.218 [main] TRACE - Resolving type for handle stpatterntype7939type
16:38:28.221 [main] TRACE - Resolving type for handle ctborderf935type
16:38:28.223 [main] TRACE - Resolving type for handle ctborderpre497type
16:38:28.228 [main] TRACE - Resolving type for handle ctxf97f7type
16:38:28.230 [main] TRACE - Resolving type for handle stnumfmtid76fbtype
16:38:28.231 [main] TRACE - Resolving type for handle stfontid9d63type
16:38:28.232 [main] TRACE - Resolving type for handle stfillida097type
16:38:28.233 [main] TRACE - Resolving type for handle stborderid1a80type
16:38:28.234 [main] TRACE - Resolving type for handle stcellstylexfid70c7type
16:38:28.238 [main] TRACE - Resolving type for handle ctsheet4dbetype
16:38:28.241 [main] TRACE - Resolving type for handle ctworksheet530dtype
16:38:28.246 [main] TRACE - Resolving type for handle ctsheetformatprdef7type
16:38:28.250 [main] TRACE - Resolving type for handle ctsheetviewsb918type
16:38:28.252 [main] TRACE - Resolving type for handle ctsheetview0f43type
16:38:28.257 [main] TRACE - Resolving type for handle ctsheetdimensiond310type
16:38:28.259 [main] TRACE - Resolving type for handle stref90a2type
16:38:28.260 [main] TRACE - Resolving type for handle ctsheetdata8408type
16:38:28.261 [main] TRACE - Resolving type for handle ctpagemargins5455type
16:38:28.265 [main] TRACE - Resolving type for handle ctcols627ctype
16:38:28.267 [main] TRACE - Resolving type for handle strelationshipid1e94type
16:38:28.268 [main] TRACE - Resolving type for handle ctrowdd39type
16:38:28.272 [main] TRACE - Resolving type for handle ctcell842btype
16:38:28.276 [main] TRACE - Resolving type for handle stcellrefe4e0type
16:38:28.278 [main] TRACE - Resolving type for handle ctrsta472type
16:38:28.280 [main] TRACE - Resolving type for handle stcelltypebf95type
16:38:28.293 [main] TRACE - Resolving type for handle ctnumfmtsb58btype
16:38:28.294 [main] TRACE - Resolving type for handle ctfonts6623type
16:38:28.297 [main] TRACE - Resolving type for handle ctfills2c6ftype
16:38:28.298 [main] TRACE - Resolving type for handle ctborders0d66type
16:38:28.300 [main] TRACE - Resolving type for handle ctcellxfs1322type
16:38:28.301 [main] TRACE - Resolving type for handle ctcellstylexfsa81ftype
16:38:28.313 [main] DEBUG - Save core properties part
16:38:28.313 [main] DEBUG - Save content types part
16:38:28.377 [main] DEBUG - Save package relationships
16:38:28.385 [main] DEBUG - Save part 'docProps/app.xml'
16:38:28.390 [main] DEBUG - Save part 'docProps/core.xml'
16:38:28.397 [main] DEBUG - Save part 'xl/sharedStrings.xml'
16:38:28.397 [main] DEBUG - Save part 'xl/styles.xml'
16:38:28.397 [main] DEBUG - Save part 'xl/workbook.xml'
16:38:28.399 [main] DEBUG - Save part 'xl/worksheets/sheet1.xml'
16:39:20.088 [main] TRACE - Loading type system org.apache.poi.schemas.ooxml.system.ooxml
16:39:20.091 [main] TRACE - Loading type system org.apache.xmlbeans.metadata.system.sXMLCONFIG
16:39:20.092 [main] TRACE - Loading type system org.apache.xmlbeans.metadata.system.sXMLLANG
16:39:20.092 [main] TRACE - Loading type system org.apache.xmlbeans.metadata.system.sXMLSCHEMA
16:39:20.093 [main] TRACE - Loading type system org.apache.xmlbeans.metadata.system.sXMLTOOLS
16:39:20.094 [main] TRACE - Reading unresolved handles for type system org.apache.xmlbeans.metadata.system.sXMLTOOLS
16:39:20.102 [main] TRACE - Finished loading type system org.apache.xmlbeans.metadata.system.sXMLTOOLS
16:39:20.102 [main] TRACE - Reading unresolved handles for type system org.apache.xmlbeans.metadata.system.sXMLSCHEMA
16:39:20.105 [main] TRACE - Finished loading type system org.apache.xmlbeans.metadata.system.sXMLSCHEMA
16:39:20.105 [main] TRACE - Reading unresolved handles for type system org.apache.xmlbeans.metadata.system.sXMLLANG
16:39:20.106 [main] TRACE - Finished loading type system org.apache.xmlbeans.metadata.system.sXMLLANG
16:39:20.107 [main] TRACE - Reading unresolved handles for type system org.apache.xmlbeans.metadata.system.sXMLCONFIG
16:39:20.107 [main] TRACE - Finished loading type system org.apache.xmlbeans.metadata.system.sXMLCONFIG
16:39:20.108 [main] TRACE - Reading unresolved handles for type system org.apache.poi.schemas.ooxml.system.ooxml
16:39:20.138 [main] TRACE - Finished loading type system org.apache.poi.schemas.ooxml.system.ooxml
16:39:20.139 [main] TRACE - Resolving type for handle ctworkbook83c3type
16:39:20.179 [main] TRACE - Resolving type for handle ctworkbookpr03a5type
16:39:20.186 [main] TRACE - Resolving type for handle ctbookviewsb864type
16:39:20.188 [main] TRACE - Resolving type for handle ctbookviewf677type
16:39:20.192 [main] TRACE - Resolving type for handle ctsheets49fdtype
16:39:20.194 [main] TRACE - Resolving type for handle propertiesee84doctype
16:39:20.195 [main] TRACE - Resolving type for handle ctproperties3f10type
16:39:20.199 [main] TRACE - Resolving type for handle properties288cdoctype
16:39:20.200 [main] TRACE - Resolving type for handle ctproperties2c18type
16:39:20.204 [main] TRACE - Resolving type for handle sstf81fdoctype
16:39:20.205 [main] TRACE - Resolving type for handle ctsst44f3type
16:39:20.208 [main] TRACE - Resolving type for handle stylesheet5d8bdoctype
16:39:20.211 [main] TRACE - Resolving type for handle ctstylesheet4257type
16:39:20.216 [main] TRACE - Resolving type for handle ctfont14d8type
16:39:20.222 [main] TRACE - Resolving type for handle ctfontsizeb3b9type
16:39:20.225 [main] TRACE - Resolving type for handle ctcolord2c2type
16:39:20.227 [main] TRACE - Resolving type for handle ctfontname2dc3type
16:39:20.229 [main] TRACE - Resolving type for handle stxstringf179type
16:39:20.231 [main] TRACE - Resolving type for handle ctfontfamily685ctype
16:39:20.233 [main] TRACE - Resolving type for handle stfontfamily9c6ctype
16:39:20.236 [main] TRACE - Resolving type for handle ctfontschemebf5dtype
16:39:20.237 [main] TRACE - Resolving type for handle stfontschemef36dtype
16:39:20.239 [main] TRACE - Resolving type for handle ctfill550ctype
16:39:20.240 [main] TRACE - Resolving type for handle ctpatternfill7452type
16:39:20.243 [main] TRACE - Resolving type for handle stpatterntype7939type
16:39:20.245 [main] TRACE - Resolving type for handle ctborderf935type
16:39:20.247 [main] TRACE - Resolving type for handle ctborderpre497type
16:39:20.250 [main] TRACE - Resolving type for handle ctxf97f7type
16:39:20.254 [main] TRACE - Resolving type for handle stnumfmtid76fbtype
16:39:20.255 [main] TRACE - Resolving type for handle stfontid9d63type
16:39:20.256 [main] TRACE - Resolving type for handle stfillida097type
16:39:20.257 [main] TRACE - Resolving type for handle stborderid1a80type
16:39:20.259 [main] TRACE - Resolving type for handle stcellstylexfid70c7type
16:39:20.264 [main] TRACE - Resolving type for handle ctsheet4dbetype
16:39:20.269 [main] TRACE - Resolving type for handle ctworksheet530dtype
16:39:20.277 [main] TRACE - Resolving type for handle ctsheetformatprdef7type
16:39:20.282 [main] TRACE - Resolving type for handle ctsheetviewsb918type
16:39:20.284 [main] TRACE - Resolving type for handle ctsheetview0f43type
16:39:20.289 [main] TRACE - Resolving type for handle ctsheetdimensiond310type
16:39:20.291 [main] TRACE - Resolving type for handle stref90a2type
16:39:20.293 [main] TRACE - Resolving type for handle ctsheetdata8408type
16:39:20.295 [main] TRACE - Resolving type for handle ctpagemargins5455type
16:39:20.299 [main] TRACE - Resolving type for handle ctcols627ctype
16:39:20.305 [main] TRACE - Resolving type for handle strelationshipid1e94type
16:39:20.307 [main] TRACE - Resolving type for handle ctrowdd39type
16:39:20.311 [main] TRACE - Resolving type for handle ctcell842btype
16:39:20.319 [main] TRACE - Resolving type for handle stcellrefe4e0type
16:39:20.323 [main] TRACE - Resolving type for handle ctrsta472type
16:39:20.326 [main] TRACE - Resolving type for handle stcelltypebf95type
16:39:20.355 [main] TRACE - Resolving type for handle ctnumfmtsb58btype
16:39:20.357 [main] TRACE - Resolving type for handle ctfonts6623type
16:39:20.359 [main] TRACE - Resolving type for handle ctfills2c6ftype
16:39:20.361 [main] TRACE - Resolving type for handle ctborders0d66type
16:39:20.363 [main] TRACE - Resolving type for handle ctcellxfs1322type
16:39:20.364 [main] TRACE - Resolving type for handle ctcellstylexfsa81ftype
16:39:20.377 [main] DEBUG - Save core properties part
16:39:20.378 [main] DEBUG - Save content types part
16:39:20.462 [main] DEBUG - Save package relationships
16:39:20.468 [main] DEBUG - Save part 'docProps/app.xml'
16:39:20.473 [main] DEBUG - Save part 'docProps/core.xml'
16:39:20.479 [main] DEBUG - Save part 'xl/sharedStrings.xml'
16:39:20.479 [main] DEBUG - Save part 'xl/styles.xml'
16:39:20.479 [main] DEBUG - Save part 'xl/workbook.xml'
16:39:20.480 [main] DEBUG - Save part 'xl/worksheets/sheet1.xml'
10:00:15.712 [main] TRACE - Loading type system org.apache.poi.schemas.ooxml.system.ooxml
10:00:15.718 [main] TRACE - Loading type system org.apache.xmlbeans.metadata.system.sXMLCONFIG
10:00:15.719 [main] TRACE - Loading type system org.apache.xmlbeans.metadata.system.sXMLLANG
10:00:15.720 [main] TRACE - Loading type system org.apache.xmlbeans.metadata.system.sXMLSCHEMA
10:00:15.721 [main] TRACE - Loading type system org.apache.xmlbeans.metadata.system.sXMLTOOLS
10:00:15.722 [main] TRACE - Reading unresolved handles for type system org.apache.xmlbeans.metadata.system.sXMLTOOLS
10:00:15.741 [main] TRACE - Finished loading type system org.apache.xmlbeans.metadata.system.sXMLTOOLS
10:00:15.742 [main] TRACE - Reading unresolved handles for type system org.apache.xmlbeans.metadata.system.sXMLSCHEMA
10:00:15.747 [main] TRACE - Finished loading type system org.apache.xmlbeans.metadata.system.sXMLSCHEMA
10:00:15.748 [main] TRACE - Reading unresolved handles for type system org.apache.xmlbeans.metadata.system.sXMLLANG
10:00:15.750 [main] TRACE - Finished loading type system org.apache.xmlbeans.metadata.system.sXMLLANG
10:00:15.751 [main] TRACE - Reading unresolved handles for type system org.apache.xmlbeans.metadata.system.sXMLCONFIG
10:00:15.753 [main] TRACE - Finished loading type system org.apache.xmlbeans.metadata.system.sXMLCONFIG
10:00:15.755 [main] TRACE - Reading unresolved handles for type system org.apache.poi.schemas.ooxml.system.ooxml
10:00:15.853 [main] TRACE - Finished loading type system org.apache.poi.schemas.ooxml.system.ooxml
10:00:15.854 [main] TRACE - Resolving type for handle ctworkbook83c3type
10:00:15.969 [main] TRACE - Resolving type for handle ctworkbookpr03a5type
10:00:15.980 [main] TRACE - Resolving type for handle ctbookviewsb864type
10:00:15.983 [main] TRACE - Resolving type for handle ctbookviewf677type
10:00:15.990 [main] TRACE - Resolving type for handle ctsheets49fdtype
10:00:15.994 [main] TRACE - Resolving type for handle propertiesee84doctype
10:00:15.997 [main] TRACE - Resolving type for handle ctproperties3f10type
10:00:16.003 [main] TRACE - Resolving type for handle properties288cdoctype
10:00:16.006 [main] TRACE - Resolving type for handle ctproperties2c18type
10:00:16.018 [main] TRACE - Resolving type for handle sstf81fdoctype
10:00:16.022 [main] TRACE - Resolving type for handle ctsst44f3type
10:00:16.038 [main] TRACE - Resolving type for handle stylesheet5d8bdoctype
10:00:16.042 [main] TRACE - Resolving type for handle ctstylesheet4257type
10:00:16.054 [main] TRACE - Resolving type for handle ctfont14d8type
10:00:16.094 [main] TRACE - Resolving type for handle ctfontsizeb3b9type
10:00:16.107 [main] TRACE - Resolving type for handle ctcolord2c2type
10:00:16.113 [main] TRACE - Resolving type for handle ctfontname2dc3type
10:00:16.117 [main] TRACE - Resolving type for handle stxstringf179type
10:00:16.121 [main] TRACE - Resolving type for handle ctfontfamily685ctype
10:00:16.125 [main] TRACE - Resolving type for handle stfontfamily9c6ctype
10:00:16.133 [main] TRACE - Resolving type for handle ctfontschemebf5dtype
10:00:16.140 [main] TRACE - Resolving type for handle stfontschemef36dtype
10:00:16.152 [main] TRACE - Resolving type for handle ctfill550ctype
10:00:16.157 [main] TRACE - Resolving type for handle ctpatternfill7452type
10:00:16.165 [main] TRACE - Resolving type for handle stpatterntype7939type
10:00:16.175 [main] TRACE - Resolving type for handle ctborderf935type
10:00:16.182 [main] TRACE - Resolving type for handle ctborderpre497type
10:00:16.191 [main] TRACE - Resolving type for handle ctxf97f7type
10:00:16.196 [main] TRACE - Resolving type for handle stnumfmtid76fbtype
10:00:16.197 [main] TRACE - Resolving type for handle stfontid9d63type
10:00:16.200 [main] TRACE - Resolving type for handle stfillida097type
10:00:16.202 [main] TRACE - Resolving type for handle stborderid1a80type
10:00:16.205 [main] TRACE - Resolving type for handle stcellstylexfid70c7type
10:00:16.212 [main] TRACE - Resolving type for handle ctsheet4dbetype
10:00:16.218 [main] TRACE - Resolving type for handle ctworksheet530dtype
10:00:16.225 [main] TRACE - Resolving type for handle ctsheetformatprdef7type
10:00:16.232 [main] TRACE - Resolving type for handle ctsheetviewsb918type
10:00:16.240 [main] TRACE - Resolving type for handle ctsheetview0f43type
10:00:16.248 [main] TRACE - Resolving type for handle ctsheetdimensiond310type
10:00:16.250 [main] TRACE - Resolving type for handle stref90a2type
10:00:16.252 [main] TRACE - Resolving type for handle ctsheetdata8408type
10:00:16.255 [main] TRACE - Resolving type for handle ctpagemargins5455type
10:00:16.261 [main] TRACE - Resolving type for handle ctcols627ctype
10:00:16.264 [main] TRACE - Resolving type for handle strelationshipid1e94type
10:00:16.266 [main] TRACE - Resolving type for handle ctrowdd39type
10:00:16.273 [main] TRACE - Resolving type for handle ctcell842btype
10:00:16.283 [main] TRACE - Resolving type for handle stcellrefe4e0type
10:00:16.287 [main] TRACE - Resolving type for handle ctrsta472type
10:00:16.292 [main] TRACE - Resolving type for handle stcelltypebf95type
10:00:16.336 [main] TRACE - Resolving type for handle ctnumfmtsb58btype
10:00:16.340 [main] TRACE - Resolving type for handle ctfonts6623type
10:00:16.347 [main] TRACE - Resolving type for handle ctfills2c6ftype
10:00:16.353 [main] TRACE - Resolving type for handle ctborders0d66type
10:00:16.358 [main] TRACE - Resolving type for handle ctcellxfs1322type
10:00:16.362 [main] TRACE - Resolving type for handle ctcellstylexfsa81ftype
10:00:16.396 [main] DEBUG - Save core properties part
10:00:16.396 [main] DEBUG - Save content types part
10:00:16.621 [main] DEBUG - Save package relationships
10:00:16.642 [main] DEBUG - Save part 'docProps/app.xml'
10:00:16.655 [main] DEBUG - Save part 'docProps/core.xml'
10:00:16.667 [main] DEBUG - Save part 'xl/sharedStrings.xml'
10:00:16.667 [main] DEBUG - Save part 'xl/styles.xml'
10:00:16.668 [main] DEBUG - Save part 'xl/workbook.xml'
10:00:16.670 [main] DEBUG - Save part 'xl/worksheets/sheet1.xml'
10:29:39.116 [main] INFO  - verifying health menu list
10:29:40.778 [main] TRACE - Loading type system org.apache.poi.schemas.ooxml.system.ooxml
10:29:40.781 [main] TRACE - Loading type system org.apache.xmlbeans.metadata.system.sXMLCONFIG
10:29:40.781 [main] TRACE - Loading type system org.apache.xmlbeans.metadata.system.sXMLLANG
10:29:40.782 [main] TRACE - Loading type system org.apache.xmlbeans.metadata.system.sXMLSCHEMA
10:29:40.783 [main] TRACE - Loading type system org.apache.xmlbeans.metadata.system.sXMLTOOLS
10:29:40.785 [main] TRACE - Reading unresolved handles for type system org.apache.xmlbeans.metadata.system.sXMLTOOLS
10:29:40.801 [main] TRACE - Finished loading type system org.apache.xmlbeans.metadata.system.sXMLTOOLS
10:29:40.801 [main] TRACE - Reading unresolved handles for type system org.apache.xmlbeans.metadata.system.sXMLSCHEMA
10:29:40.809 [main] TRACE - Finished loading type system org.apache.xmlbeans.metadata.system.sXMLSCHEMA
10:29:40.810 [main] TRACE - Reading unresolved handles for type system org.apache.xmlbeans.metadata.system.sXMLLANG
10:29:40.811 [main] TRACE - Finished loading type system org.apache.xmlbeans.metadata.system.sXMLLANG
10:29:40.812 [main] TRACE - Reading unresolved handles for type system org.apache.xmlbeans.metadata.system.sXMLCONFIG
10:29:40.813 [main] TRACE - Finished loading type system org.apache.xmlbeans.metadata.system.sXMLCONFIG
10:29:40.814 [main] TRACE - Reading unresolved handles for type system org.apache.poi.schemas.ooxml.system.ooxml
10:29:40.874 [main] TRACE - Finished loading type system org.apache.poi.schemas.ooxml.system.ooxml
10:29:40.876 [main] TRACE - Resolving type for handle ctworkbook83c3type
10:29:40.968 [main] TRACE - Resolving type for handle ctworkbookpr03a5type
10:29:40.986 [main] TRACE - Resolving type for handle ctbookviewsb864type
10:29:40.992 [main] TRACE - Resolving type for handle ctbookviewf677type
10:29:40.999 [main] TRACE - Resolving type for handle ctsheets49fdtype
10:29:41.004 [main] TRACE - Resolving type for handle propertiesee84doctype
10:29:41.006 [main] TRACE - Resolving type for handle ctproperties3f10type
10:29:41.016 [main] TRACE - Resolving type for handle properties288cdoctype
10:29:41.018 [main] TRACE - Resolving type for handle ctproperties2c18type
10:29:41.029 [main] TRACE - Resolving type for handle sstf81fdoctype
10:29:41.031 [main] TRACE - Resolving type for handle ctsst44f3type
10:29:41.037 [main] TRACE - Resolving type for handle stylesheet5d8bdoctype
10:29:41.039 [main] TRACE - Resolving type for handle ctstylesheet4257type
10:29:41.047 [main] TRACE - Resolving type for handle ctfont14d8type
10:29:41.066 [main] TRACE - Resolving type for handle ctfontsizeb3b9type
10:29:41.071 [main] TRACE - Resolving type for handle ctcolord2c2type
10:29:41.082 [main] TRACE - Resolving type for handle ctfontname2dc3type
10:29:41.085 [main] TRACE - Resolving type for handle stxstringf179type
10:29:41.092 [main] TRACE - Resolving type for handle ctfontfamily685ctype
10:29:41.096 [main] TRACE - Resolving type for handle stfontfamily9c6ctype
10:29:41.104 [main] TRACE - Resolving type for handle ctfontschemebf5dtype
10:29:41.113 [main] TRACE - Resolving type for handle stfontschemef36dtype
10:29:41.124 [main] TRACE - Resolving type for handle ctfill550ctype
10:29:41.131 [main] TRACE - Resolving type for handle ctpatternfill7452type
10:29:41.138 [main] TRACE - Resolving type for handle stpatterntype7939type
10:29:41.141 [main] TRACE - Resolving type for handle ctborderf935type
10:29:41.144 [main] TRACE - Resolving type for handle ctborderpre497type
10:29:41.160 [main] TRACE - Resolving type for handle ctxf97f7type
10:29:41.173 [main] TRACE - Resolving type for handle stnumfmtid76fbtype
10:29:41.175 [main] TRACE - Resolving type for handle stfontid9d63type
10:29:41.177 [main] TRACE - Resolving type for handle stfillida097type
10:29:41.180 [main] TRACE - Resolving type for handle stborderid1a80type
10:29:41.182 [main] TRACE - Resolving type for handle stcellstylexfid70c7type
10:29:41.192 [main] TRACE - Resolving type for handle ctsheet4dbetype
10:29:41.207 [main] TRACE - Resolving type for handle ctworksheet530dtype
10:29:41.216 [main] TRACE - Resolving type for handle ctsheetformatprdef7type
10:29:41.229 [main] TRACE - Resolving type for handle ctsheetviewsb918type
10:29:41.234 [main] TRACE - Resolving type for handle ctsheetview0f43type
10:29:41.254 [main] TRACE - Resolving type for handle ctsheetdimensiond310type
10:29:41.259 [main] TRACE - Resolving type for handle stref90a2type
10:29:41.262 [main] TRACE - Resolving type for handle ctsheetdata8408type
10:29:41.265 [main] TRACE - Resolving type for handle ctpagemargins5455type
10:29:41.273 [main] TRACE - Resolving type for handle ctcols627ctype
10:29:41.277 [main] TRACE - Resolving type for handle strelationshipid1e94type
10:29:41.279 [main] TRACE - Resolving type for handle ctrowdd39type
10:29:41.286 [main] TRACE - Resolving type for handle ctcell842btype
10:29:41.297 [main] TRACE - Resolving type for handle stcellrefe4e0type
10:29:41.301 [main] TRACE - Resolving type for handle ctrsta472type
10:29:41.306 [main] TRACE - Resolving type for handle stcelltypebf95type
10:29:41.360 [main] TRACE - Resolving type for handle ctnumfmtsb58btype
10:29:41.362 [main] TRACE - Resolving type for handle ctfonts6623type
10:29:41.368 [main] TRACE - Resolving type for handle ctfills2c6ftype
10:29:41.371 [main] TRACE - Resolving type for handle ctborders0d66type
10:29:41.374 [main] TRACE - Resolving type for handle ctcellxfs1322type
10:29:41.377 [main] TRACE - Resolving type for handle ctcellstylexfsa81ftype
10:29:41.415 [main] DEBUG - Save core properties part
10:29:41.415 [main] DEBUG - Save content types part
10:29:41.569 [main] DEBUG - Save package relationships
10:29:41.597 [main] DEBUG - Save part 'docProps/app.xml'
10:29:41.612 [main] DEBUG - Save part 'docProps/core.xml'
10:29:41.624 [main] DEBUG - Save part 'xl/sharedStrings.xml'
10:29:41.624 [main] DEBUG - Save part 'xl/styles.xml'
10:29:41.625 [main] DEBUG - Save part 'xl/workbook.xml'
10:29:41.627 [main] DEBUG - Save part 'xl/worksheets/sheet1.xml'
10:30:21.361 [main] INFO  - verifying car insurance
10:30:39.475 [main] INFO  - verifying Travel insurance module
10:31:45.764 [main] INFO  - verifying Travel insurance module
10:38:11.668 [main] INFO  - verifying Travel insurance module
14:10:43.619 [TestNG-tests-1] INFO  - verifying car insurance
14:10:43.673 [TestNG-tests-2] INFO  - verifying car insurance
14:12:02.148 [TestNG-tests-2] INFO  - verifying car insurance
09:22:14.157 [main] INFO  - verifying Travel insurance module
09:23:26.859 [main] INFO  - verifying car insurance
09:24:41.820 [main] INFO  - verifying health menu list
09:24:43.892 [main] TRACE - Loading type system org.apache.poi.schemas.ooxml.system.ooxml
09:24:43.910 [main] TRACE - Loading type system org.apache.xmlbeans.metadata.system.sXMLCONFIG
09:24:43.913 [main] TRACE - Loading type system org.apache.xmlbeans.metadata.system.sXMLLANG
09:24:43.915 [main] TRACE - Loading type system org.apache.xmlbeans.metadata.system.sXMLSCHEMA
09:24:43.918 [main] TRACE - Loading type system org.apache.xmlbeans.metadata.system.sXMLTOOLS
09:24:43.924 [main] TRACE - Reading unresolved handles for type system org.apache.xmlbeans.metadata.system.sXMLTOOLS
09:24:43.961 [main] TRACE - Finished loading type system org.apache.xmlbeans.metadata.system.sXMLTOOLS
09:24:43.965 [main] TRACE - Reading unresolved handles for type system org.apache.xmlbeans.metadata.system.sXMLSCHEMA
09:24:43.977 [main] TRACE - Finished loading type system org.apache.xmlbeans.metadata.system.sXMLSCHEMA
09:24:43.979 [main] TRACE - Reading unresolved handles for type system org.apache.xmlbeans.metadata.system.sXMLLANG
09:24:43.981 [main] TRACE - Finished loading type system org.apache.xmlbeans.metadata.system.sXMLLANG
09:24:43.984 [main] TRACE - Reading unresolved handles for type system org.apache.xmlbeans.metadata.system.sXMLCONFIG
09:24:43.986 [main] TRACE - Finished loading type system org.apache.xmlbeans.metadata.system.sXMLCONFIG
09:24:43.989 [main] TRACE - Reading unresolved handles for type system org.apache.poi.schemas.ooxml.system.ooxml
09:24:44.109 [main] TRACE - Finished loading type system org.apache.poi.schemas.ooxml.system.ooxml
09:24:44.112 [main] TRACE - Resolving type for handle ctworkbook83c3type
09:24:44.252 [main] TRACE - Resolving type for handle ctworkbookpr03a5type
09:24:44.276 [main] TRACE - Resolving type for handle ctbookviewsb864type
09:24:44.280 [main] TRACE - Resolving type for handle ctbookviewf677type
09:24:44.299 [main] TRACE - Resolving type for handle ctsheets49fdtype
09:24:44.307 [main] TRACE - Resolving type for handle propertiesee84doctype
09:24:44.312 [main] TRACE - Resolving type for handle ctproperties3f10type
09:24:44.326 [main] TRACE - Resolving type for handle properties288cdoctype
09:24:44.329 [main] TRACE - Resolving type for handle ctproperties2c18type
09:24:44.347 [main] TRACE - Resolving type for handle sstf81fdoctype
09:24:44.351 [main] TRACE - Resolving type for handle ctsst44f3type
09:24:44.364 [main] TRACE - Resolving type for handle stylesheet5d8bdoctype
09:24:44.368 [main] TRACE - Resolving type for handle ctstylesheet4257type
09:24:44.378 [main] TRACE - Resolving type for handle ctfont14d8type
09:24:44.393 [main] TRACE - Resolving type for handle ctfontsizeb3b9type
09:24:44.403 [main] TRACE - Resolving type for handle ctcolord2c2type
09:24:44.410 [main] TRACE - Resolving type for handle ctfontname2dc3type
09:24:44.415 [main] TRACE - Resolving type for handle stxstringf179type
09:24:44.422 [main] TRACE - Resolving type for handle ctfontfamily685ctype
09:24:44.426 [main] TRACE - Resolving type for handle stfontfamily9c6ctype
09:24:44.436 [main] TRACE - Resolving type for handle ctfontschemebf5dtype
09:24:44.441 [main] TRACE - Resolving type for handle stfontschemef36dtype
09:24:44.455 [main] TRACE - Resolving type for handle ctfill550ctype
09:24:44.459 [main] TRACE - Resolving type for handle ctpatternfill7452type
09:24:44.470 [main] TRACE - Resolving type for handle stpatterntype7939type
09:24:44.481 [main] TRACE - Resolving type for handle ctborderf935type
09:24:44.495 [main] TRACE - Resolving type for handle ctborderpre497type
09:24:44.510 [main] TRACE - Resolving type for handle ctxf97f7type
09:24:44.517 [main] TRACE - Resolving type for handle stnumfmtid76fbtype
09:24:44.521 [main] TRACE - Resolving type for handle stfontid9d63type
09:24:44.524 [main] TRACE - Resolving type for handle stfillida097type
09:24:44.530 [main] TRACE - Resolving type for handle stborderid1a80type
09:24:44.534 [main] TRACE - Resolving type for handle stcellstylexfid70c7type
09:24:44.549 [main] TRACE - Resolving type for handle ctsheet4dbetype
09:24:44.565 [main] TRACE - Resolving type for handle ctworksheet530dtype
09:24:44.575 [main] TRACE - Resolving type for handle ctsheetformatprdef7type
09:24:44.588 [main] TRACE - Resolving type for handle ctsheetviewsb918type
09:24:44.595 [main] TRACE - Resolving type for handle ctsheetview0f43type
09:24:44.610 [main] TRACE - Resolving type for handle ctsheetdimensiond310type
09:24:44.615 [main] TRACE - Resolving type for handle stref90a2type
09:24:44.619 [main] TRACE - Resolving type for handle ctsheetdata8408type
09:24:44.625 [main] TRACE - Resolving type for handle ctpagemargins5455type
09:24:44.649 [main] TRACE - Resolving type for handle ctcols627ctype
09:24:44.657 [main] TRACE - Resolving type for handle strelationshipid1e94type
09:24:44.664 [main] TRACE - Resolving type for handle ctrowdd39type
09:24:44.695 [main] TRACE - Resolving type for handle ctcell842btype
09:24:44.721 [main] TRACE - Resolving type for handle stcellrefe4e0type
09:24:44.731 [main] TRACE - Resolving type for handle ctrsta472type
09:24:44.740 [main] TRACE - Resolving type for handle stcelltypebf95type
09:24:44.865 [main] TRACE - Resolving type for handle ctnumfmtsb58btype
09:24:44.871 [main] TRACE - Resolving type for handle ctfonts6623type
09:24:44.880 [main] TRACE - Resolving type for handle ctfills2c6ftype
09:24:44.886 [main] TRACE - Resolving type for handle ctborders0d66type
09:24:44.893 [main] TRACE - Resolving type for handle ctcellxfs1322type
09:24:44.899 [main] TRACE - Resolving type for handle ctcellstylexfsa81ftype
09:24:44.960 [main] DEBUG - Save core properties part
09:24:44.961 [main] DEBUG - Save content types part
09:24:45.452 [main] DEBUG - Save package relationships
09:24:45.497 [main] DEBUG - Save part 'docProps/app.xml'
09:24:45.508 [main] DEBUG - Save part 'docProps/core.xml'
09:24:45.533 [main] DEBUG - Save part 'xl/sharedStrings.xml'
09:24:45.534 [main] DEBUG - Save part 'xl/styles.xml'
09:24:45.534 [main] DEBUG - Save part 'xl/workbook.xml'
09:24:45.538 [main] DEBUG - Save part 'xl/worksheets/sheet1.xml'
09:31:22.993 [main] INFO  - verifying Travel insurance module
09:31:57.195 [main] INFO  - verifying car insurance
09:32:14.269 [main] INFO  - verifying health menu list
09:32:16.124 [main] TRACE - Loading type system org.apache.poi.schemas.ooxml.system.ooxml
09:32:16.134 [main] TRACE - Loading type system org.apache.xmlbeans.metadata.system.sXMLCONFIG
09:32:16.135 [main] TRACE - Loading type system org.apache.xmlbeans.metadata.system.sXMLLANG
09:32:16.137 [main] TRACE - Loading type system org.apache.xmlbeans.metadata.system.sXMLSCHEMA
09:32:16.139 [main] TRACE - Loading type system org.apache.xmlbeans.metadata.system.sXMLTOOLS
09:32:16.142 [main] TRACE - Reading unresolved handles for type system org.apache.xmlbeans.metadata.system.sXMLTOOLS
09:32:16.181 [main] TRACE - Finished loading type system org.apache.xmlbeans.metadata.system.sXMLTOOLS
09:32:16.183 [main] TRACE - Reading unresolved handles for type system org.apache.xmlbeans.metadata.system.sXMLSCHEMA
09:32:16.191 [main] TRACE - Finished loading type system org.apache.xmlbeans.metadata.system.sXMLSCHEMA
09:32:16.196 [main] TRACE - Reading unresolved handles for type system org.apache.xmlbeans.metadata.system.sXMLLANG
09:32:16.199 [main] TRACE - Finished loading type system org.apache.xmlbeans.metadata.system.sXMLLANG
09:32:16.204 [main] TRACE - Reading unresolved handles for type system org.apache.xmlbeans.metadata.system.sXMLCONFIG
09:32:16.208 [main] TRACE - Finished loading type system org.apache.xmlbeans.metadata.system.sXMLCONFIG
09:32:16.212 [main] TRACE - Reading unresolved handles for type system org.apache.poi.schemas.ooxml.system.ooxml
09:32:16.330 [main] TRACE - Finished loading type system org.apache.poi.schemas.ooxml.system.ooxml
09:32:16.333 [main] TRACE - Resolving type for handle ctworkbook83c3type
09:32:16.455 [main] TRACE - Resolving type for handle ctworkbookpr03a5type
09:32:16.476 [main] TRACE - Resolving type for handle ctbookviewsb864type
09:32:16.481 [main] TRACE - Resolving type for handle ctbookviewf677type
09:32:16.497 [main] TRACE - Resolving type for handle ctsheets49fdtype
09:32:16.504 [main] TRACE - Resolving type for handle propertiesee84doctype
09:32:16.508 [main] TRACE - Resolving type for handle ctproperties3f10type
09:32:16.518 [main] TRACE - Resolving type for handle properties288cdoctype
09:32:16.521 [main] TRACE - Resolving type for handle ctproperties2c18type
09:32:16.534 [main] TRACE - Resolving type for handle sstf81fdoctype
09:32:16.537 [main] TRACE - Resolving type for handle ctsst44f3type
09:32:16.550 [main] TRACE - Resolving type for handle stylesheet5d8bdoctype
09:32:16.555 [main] TRACE - Resolving type for handle ctstylesheet4257type
09:32:16.569 [main] TRACE - Resolving type for handle ctfont14d8type
09:32:16.588 [main] TRACE - Resolving type for handle ctfontsizeb3b9type
09:32:16.603 [main] TRACE - Resolving type for handle ctcolord2c2type
09:32:16.612 [main] TRACE - Resolving type for handle ctfontname2dc3type
09:32:16.618 [main] TRACE - Resolving type for handle stxstringf179type
09:32:16.626 [main] TRACE - Resolving type for handle ctfontfamily685ctype
09:32:16.631 [main] TRACE - Resolving type for handle stfontfamily9c6ctype
09:32:16.642 [main] TRACE - Resolving type for handle ctfontschemebf5dtype
09:32:16.651 [main] TRACE - Resolving type for handle stfontschemef36dtype
09:32:16.664 [main] TRACE - Resolving type for handle ctfill550ctype
09:32:16.668 [main] TRACE - Resolving type for handle ctpatternfill7452type
09:32:16.678 [main] TRACE - Resolving type for handle stpatterntype7939type
09:32:16.687 [main] TRACE - Resolving type for handle ctborderf935type
09:32:16.693 [main] TRACE - Resolving type for handle ctborderpre497type
09:32:16.708 [main] TRACE - Resolving type for handle ctxf97f7type
09:32:16.717 [main] TRACE - Resolving type for handle stnumfmtid76fbtype
09:32:16.721 [main] TRACE - Resolving type for handle stfontid9d63type
09:32:16.726 [main] TRACE - Resolving type for handle stfillida097type
09:32:16.732 [main] TRACE - Resolving type for handle stborderid1a80type
09:32:16.737 [main] TRACE - Resolving type for handle stcellstylexfid70c7type
09:32:16.751 [main] TRACE - Resolving type for handle ctsheet4dbetype
09:32:16.764 [main] TRACE - Resolving type for handle ctworksheet530dtype
09:32:16.778 [main] TRACE - Resolving type for handle ctsheetformatprdef7type
09:32:16.793 [main] TRACE - Resolving type for handle ctsheetviewsb918type
09:32:16.800 [main] TRACE - Resolving type for handle ctsheetview0f43type
09:32:16.813 [main] TRACE - Resolving type for handle ctsheetdimensiond310type
09:32:16.819 [main] TRACE - Resolving type for handle stref90a2type
09:32:16.822 [main] TRACE - Resolving type for handle ctsheetdata8408type
09:32:16.827 [main] TRACE - Resolving type for handle ctpagemargins5455type
09:32:16.842 [main] TRACE - Resolving type for handle ctcols627ctype
09:32:16.849 [main] TRACE - Resolving type for handle strelationshipid1e94type
09:32:16.852 [main] TRACE - Resolving type for handle ctrowdd39type
09:32:16.866 [main] TRACE - Resolving type for handle ctcell842btype
09:32:16.893 [main] TRACE - Resolving type for handle stcellrefe4e0type
09:32:16.901 [main] TRACE - Resolving type for handle ctrsta472type
09:32:16.908 [main] TRACE - Resolving type for handle stcelltypebf95type
09:32:16.979 [main] TRACE - Resolving type for handle ctnumfmtsb58btype
09:32:16.983 [main] TRACE - Resolving type for handle ctfonts6623type
09:32:16.991 [main] TRACE - Resolving type for handle ctfills2c6ftype
09:32:16.996 [main] TRACE - Resolving type for handle ctborders0d66type
09:32:17.003 [main] TRACE - Resolving type for handle ctcellxfs1322type
09:32:17.008 [main] TRACE - Resolving type for handle ctcellstylexfsa81ftype
09:32:17.064 [main] DEBUG - Save core properties part
09:32:17.064 [main] DEBUG - Save content types part
09:32:17.330 [main] DEBUG - Save package relationships
09:32:17.350 [main] DEBUG - Save part 'docProps/app.xml'
09:32:17.357 [main] DEBUG - Save part 'docProps/core.xml'
09:32:17.387 [main] DEBUG - Save part 'xl/sharedStrings.xml'
09:32:17.388 [main] DEBUG - Save part 'xl/styles.xml'
09:32:17.389 [main] DEBUG - Save part 'xl/workbook.xml'
09:32:17.394 [main] DEBUG - Save part 'xl/worksheets/sheet1.xml'
09:35:04.822 [main] INFO  - verifying Travel insurance module
09:36:31.695 [main] INFO  - verifying car insurance
09:37:52.590 [main] INFO  - verifying health menu list
09:37:55.210 [main] TRACE - Loading type system org.apache.poi.schemas.ooxml.system.ooxml
09:37:55.217 [main] TRACE - Loading type system org.apache.xmlbeans.metadata.system.sXMLCONFIG
09:37:55.220 [main] TRACE - Loading type system org.apache.xmlbeans.metadata.system.sXMLLANG
09:37:55.221 [main] TRACE - Loading type system org.apache.xmlbeans.metadata.system.sXMLSCHEMA
09:37:55.224 [main] TRACE - Loading type system org.apache.xmlbeans.metadata.system.sXMLTOOLS
09:37:55.228 [main] TRACE - Reading unresolved handles for type system org.apache.xmlbeans.metadata.system.sXMLTOOLS
09:37:55.265 [main] TRACE - Finished loading type system org.apache.xmlbeans.metadata.system.sXMLTOOLS
